2024-05-27 06:20:50,653 - INFO - ====== WebDriver manager ======
2024-05-27 06:20:51,785 - INFO - Get LATEST edgedriver version for Edge 125.0.2535
2024-05-27 06:20:51,979 - INFO - Get LATEST edgedriver version for Edge 125.0.2535
2024-05-27 06:20:52,132 - INFO - Get LATEST edgedriver version for Edge 125.0.2535
2024-05-27 06:20:52,288 - INFO - About to download new driver from https://msedgedriver.azureedge.net/125.0.2535.67/edgedriver_win64.zip
2024-05-27 06:20:52,502 - INFO - Driver downloading response is 200
2024-05-27 06:20:54,325 - INFO - Get LATEST edgedriver version for Edge 125.0.2535
2024-05-27 06:20:54,653 - INFO - Driver has been saved in cache [C:\Users\afsal\.wdm\drivers\edgedriver\win64\125.0.2535.67]
2024-05-27 06:21:46,398 - WARNING - Connection pool is full, discarding connection: localhost. Connection pool size: 1
2024-05-27 06:21:46,563 - WARNING - Connection pool is full, discarding connection: localhost. Connection pool size: 1
2024-05-27 06:21:49,940 - INFO - Processed Kaka Fruits & Vegetables Pte. Ltd. - Ang Mo Kio Ave 10
2024-05-27 06:21:50,124 - INFO - Processed McDonald's - Ang Mo Kio Ave 10
2024-05-27 06:21:53,379 - INFO - Processed Pok Pok Thai Kitchen - Ang Mo Kio Ave 10
2024-05-27 06:21:53,626 - INFO - Processed Srisun Express - Ang Mo Kio
2024-05-27 06:21:56,791 - INFO - Processed Baohui Teow Chew Fish Soup - Cheng San Centre
2024-05-27 06:21:57,071 - INFO - Processed Toast Box - myVillage
2024-05-27 06:22:00,172 - INFO - Processed Sergeant Kids Traditional Hainanese Chicken Rice - Chong Boon View
2024-05-27 06:22:00,592 - INFO - Processed RK Eating House - Serangoon Garden Estate
2024-05-27 06:22:03,606 - INFO - Processed The Sandwich Guys - Ang Mo Kio Ave 10
2024-05-27 06:22:04,174 - INFO - Processed Tiong Bahru Bakery - Serangoon Estate
2024-05-27 06:22:06,980 - INFO - Processed Qi Shan Carrot Cake - Cheng San Centre
2024-05-27 06:22:07,592 - INFO - Processed Baker & Cook - Serangoon Garden Way
2024-05-27 06:22:10,338 - INFO - Processed Teck Ghee H.K Pastries - Ang Mo Kio Avenue 10
2024-05-27 06:22:10,971 - INFO - Processed Sichuan Chef - Ang Mo Kio
2024-05-27 06:22:13,853 - INFO - Processed Maharashtra Bazaar - Ang Mo Kio Avenue 10
2024-05-27 06:22:14,492 - INFO - Processed Ming Fa Fishball - Ang Mo Kio
2024-05-27 06:22:17,190 - INFO - Processed Maharashtra Bazaar - Ang Mo Kio Avenue 10
2024-05-27 06:22:17,950 - INFO - Processed Al Mubin Restaurant - Cheng San Centre
2024-05-27 06:22:20,872 - INFO - Processed Ban Mian \u5728\u89c1\u4e00\u9762 - Chong Boon View
2024-05-27 06:22:21,703 - INFO - Processed Kazutake Ramen - Cheng San Centre
2024-05-27 06:22:24,290 - INFO - Processed 219 Sarawak Kolo Mee - Ang Mo Kio Avenue 10
2024-05-27 06:22:25,112 - INFO - Processed Kimly Dim Sum - Ang Mo Kio Ave 10
2024-05-27 06:22:28,589 - INFO - Processed Jia Jia Vegetarian - Ang Mo Kio Ave 10
2024-05-27 06:22:28,589 - INFO - Processed Nibbles - Ang Mo Kio industrial Park 2
2024-05-27 06:22:28,680 - WARNING - Connection pool is full, discarding connection: localhost. Connection pool size: 1
2024-05-27 06:22:31,964 - INFO - Processed Gik Gik Heng Prawn Mee & Lor Mee - Ang Mo Kio Avenue 10
2024-05-27 06:22:32,089 - INFO - Processed AP Mookata & Thai Express - Cheng San Centre
2024-05-27 06:22:35,351 - INFO - Processed Warung Ramlah - Ang Mo Kio Industrial Park 2
2024-05-27 06:22:35,542 - INFO - Processed Sinful Roast \u65b0\u4e00\u4ee3 - Cheng San Centre
2024-05-27 06:22:39,027 - INFO - Processed Lai Lai Xing Fishball Noodle - Ang Mo Kio Ave 10
2024-05-27 06:22:39,027 - INFO - Processed Bella Italia - Maju Ave
2024-05-27 06:22:39,121 - WARNING - Connection pool is full, discarding connection: localhost. Connection pool size: 1
2024-05-27 06:22:42,306 - WARNING - Rate limit exceeded. Retrying in 300 seconds...
2024-05-27 06:22:42,309 - WARNING - Rate limit exceeded. Retrying in 300 seconds...
2024-05-27 06:27:42,648 - INFO - Processed Läderach Chocolatier Suisse - Techplace 1
2024-05-27 06:27:42,663 - INFO - Processed Pin Fen Economic Bee Hoon - Ang Mo Kio Chong Boon Hawker Centre
2024-05-27 06:27:42,766 - WARNING - Connection pool is full, discarding connection: localhost. Connection pool size: 1
2024-05-27 06:27:46,075 - INFO - Processed Lu Ge Wanton Noodle - Ang Mo Kio Avenue 10
2024-05-27 06:27:47,476 - INFO - Processed Joyful Seafood - Cheng San Centre
2024-05-27 06:27:49,450 - INFO - Processed Jia Hao Porridge - 453A Ang Mo Kio Ave 10
2024-05-27 06:27:51,011 - INFO - Processed iTEA - Cheng San Centre
2024-05-27 06:27:52,903 - INFO - Processed Fong Hup - Cheng San Centre
2024-05-27 06:27:54,433 - INFO - Processed Hai Zhong Bao Live Seafood - Ang Mo Kio Ave 3
2024-05-27 06:27:56,421 - INFO - Processed Dim Sum Affair (Koufu) - Ang Mo Kio Ave 10
2024-05-27 06:27:58,069 - INFO - Processed Jing Chen - Ang Mo Kio Ave 10
2024-05-27 06:28:00,304 - INFO - Processed Jian Zao Ipoh Curry Noodles - Teck Ghee View
2024-05-27 06:28:01,484 - INFO - Processed Abc Food Court - Cheng San Centre
2024-05-27 06:28:03,736 - INFO - Processed Orh Kee - Serangoon Garden Estate
2024-05-27 06:28:05,023 - INFO - Processed Hong Kee Super Soup - Techplace 1
2024-05-27 06:28:07,214 - INFO - Processed Tanamera Coffee - MyVillage
2024-05-27 06:28:08,569 - INFO - Processed Mamabox - Techplace 1
2024-05-27 06:28:10,596 - INFO - Processed Nasi Lemak Sedap - Ang Mo Kio Ave 10
2024-05-27 06:28:11,984 - INFO - Processed Fish & Chicks - Happy Hawkers
2024-05-27 06:28:13,967 - INFO - Processed D'Rubinah@AMK Pte Ltd - Teck Ghee Court
2024-05-27 06:28:15,394 - INFO - Processed Tracy's Sarawak Kitchen - MyVillage
2024-05-27 06:28:17,350 - INFO - Processed Tanjong Rhu Wanton Noodle - Serangoon Garden Estate
2024-05-27 06:28:18,783 - INFO - Processed Hajime Tonkatsu & Ramen - myVillage - Serangoon Garden
2024-05-27 06:28:20,726 - INFO - Processed Mao You Sarawak Kolomee and Laksa - Ang Mo Kio Ave 3
2024-05-27 06:28:22,255 - INFO - Processed Plank Sourdough Pizza - Serangoon Garden Way
2024-05-27 06:28:24,077 - INFO - Processed Monday Coffee Bar - Teck Ghee Heartlands
2024-05-27 06:28:25,602 - INFO - Processed Wine Connection - MyVillage at Serangoon Garden
2024-05-27 06:28:27,432 - INFO - Processed Ah Hwa Noodle House - Cheng San Centre
2024-05-27 06:28:29,143 - INFO - Processed iSTEAKS - myVillage at Serangoon Garden
2024-05-27 06:28:30,765 - INFO - Processed \u8001\u62db\u724c Kallang Wanton Noodle - Serangoon Garden Way
2024-05-27 06:28:32,637 - INFO - Processed The Acai Collective - My Village
2024-05-27 06:28:34,017 - WARNING - Rate limit exceeded. Retrying in 300 seconds...
2024-05-27 06:28:35,896 - WARNING - Rate limit exceeded. Retrying in 300 seconds...
2024-05-27 06:33:34,566 - INFO - Processed Froz Bakery Cafe - Ang Mo Kio Avenue 10
2024-05-27 06:33:36,463 - INFO - Processed Monzen@Gardens - Serangoon Garden Estate
2024-05-27 06:33:38,095 - INFO - Processed Jom Jiak Malay Delights - Ang Mo Kio Industrial Park 2
2024-05-27 06:33:39,929 - INFO - Processed Monzen-Gardens - Myvillage At Serangoon Garden
2024-05-27 06:33:41,466 - INFO - Processed Hong Kong Porridge / Curry Pok - Cheng San Centre
2024-05-27 06:33:43,426 - INFO - Processed La Shi Ni Shuang Shi Ni Mala - Ang Mo Kio
2024-05-27 06:33:44,899 - INFO - Processed Breadtalk - AMK Hub # 01-01/02
2024-05-27 06:33:46,882 - INFO - Processed Dessert Bowl - Serangoon Garden Estate
2024-05-27 06:33:48,255 - INFO - Processed Man Yuan Gourmet - Ang Mo Kio Ave 10
2024-05-27 06:33:51,673 - INFO - Processed Happy Thai Food - MyVillage
2024-05-27 06:33:51,673 - INFO - Processed Hungers Villa - Cheng San Place
2024-05-27 06:33:51,777 - WARNING - Connection pool is full, discarding connection: localhost. Connection pool size: 1
2024-05-27 06:33:55,250 - INFO - Processed KOI Thé Express - myVillage
2024-05-27 06:33:55,411 - INFO - Processed FruitSteps - Teck Ghee Square
2024-05-27 06:33:58,886 - INFO - Processed Lao Ban - Amk Mrt Station
2024-05-27 06:33:58,886 - INFO - Processed La Shi Ni Shuang Shi Ni Mala - Ang Mo Kio
2024-05-27 06:33:58,980 - WARNING - Connection pool is full, discarding connection: localhost. Connection pool size: 1
2024-05-27 06:34:02,289 - INFO - Processed Senthil Murugan Indian Foods - Teck Ghee Heartlands
2024-05-27 06:34:02,364 - INFO - Processed Dessert Bowl - Serangoon Garden Estate
2024-05-27 06:34:05,629 - INFO - Processed Yu Kee House of Braised Duck - Ang Mo Kio Ave 10
2024-05-27 06:34:05,679 - INFO - Processed Happy Thai Food - MyVillage
2024-05-27 06:34:05,705 - WARNING - Connection pool is full, discarding connection: localhost. Connection pool size: 1
2024-05-27 06:34:09,003 - INFO - Processed KOI Thé Express - myVillage
2024-05-27 06:34:09,846 - INFO - Processed Dukrian - Crowhurst Drive
2024-05-27 06:34:12,465 - INFO - Processed Happy Daze - Serangoon Garden Estate
2024-05-27 06:34:13,263 - INFO - Processed Meadowbrew - Cheng San Centre
2024-05-27 06:34:16,029 - INFO - Processed [CLOSED] The Coffee Bean & Tea Leaf - MyVillage
2024-05-27 06:34:16,732 - INFO - Processed Wang's Roasted Delights - Teck Ghee Court
2024-05-27 06:34:19,566 - INFO - Processed Plonk - Serangoon Garden Estate
2024-05-27 06:34:20,177 - INFO - Processed Drinkies (Beer Shop) - FairPrice Xpress @ Esso Ang Mo Kio Ave 8
2024-05-27 06:34:22,937 - INFO - Processed JU Signatures - Serangoon Garden Estate
2024-05-27 06:34:24,184 - INFO - Processed ABC Thai Cuisine - Ang Mo Kio Industrial Park 2
2024-05-27 06:34:26,482 - INFO - Processed SG Foodie - Serangoon Garden Estate
2024-05-27 06:34:27,425 - WARNING - Rate limit exceeded. Retrying in 300 seconds...
2024-05-27 06:34:29,712 - WARNING - Rate limit exceeded. Retrying in 300 seconds...
2024-05-27 06:39:27,633 - WARNING - Rate limit exceeded. Retrying in 300 seconds...
2024-05-27 06:39:29,914 - WARNING - Rate limit exceeded. Retrying in 300 seconds...
2024-05-27 06:44:27,826 - WARNING - Rate limit exceeded. Retrying in 300 seconds...
2024-05-27 06:44:30,116 - WARNING - Rate limit exceeded. Retrying in 300 seconds...
2024-05-27 06:49:27,839 - ERROR - Failed to retrieve data after 3 attempts
2024-05-27 06:49:30,119 - ERROR - Failed to retrieve data after 3 attempts
2024-05-27 06:49:32,184 - WARNING - Rate limit exceeded. Retrying in 300 seconds...
2024-05-27 06:49:33,328 - WARNING - Rate limit exceeded. Retrying in 300 seconds...
2024-05-27 06:54:32,543 - WARNING - Rate limit exceeded. Retrying in 300 seconds...
2024-05-27 06:54:33,529 - WARNING - Rate limit exceeded. Retrying in 300 seconds...
2024-05-27 06:59:32,790 - WARNING - Rate limit exceeded. Retrying in 300 seconds...
2024-05-27 06:59:33,719 - WARNING - Rate limit exceeded. Retrying in 300 seconds...
2024-05-27 07:04:32,796 - ERROR - Failed to retrieve data after 3 attempts
2024-05-27 07:04:33,724 - ERROR - Failed to retrieve data after 3 attempts
2024-05-27 07:04:36,497 - INFO - Processed Happy Days Shop - Ang Mo Kio Avenue 10
2024-05-27 07:04:37,418 - INFO - Processed Serangoon Garden - Mix & Match Malls (Mart)
2024-05-27 07:04:39,873 - INFO - Processed Carlsberg Beer Store - FairPrice Xpress Ang Mo Kio Ave 8
2024-05-27 07:04:40,829 - INFO - Processed The Kind Bowl - Myvillage At Serangoon Garden
2024-05-27 07:04:43,354 - INFO - Processed Duke Bakery - Myvillage
2024-05-27 07:04:44,184 - INFO - Processed Waa Cow! - Serangoon Gardens
2024-05-27 07:04:46,891 - INFO - Processed MyVillage - Mix & Match
2024-05-27 07:04:47,666 - INFO - Processed Haakon Superfoods & Juice - Serangoon Gardens
2024-05-27 07:04:50,522 - INFO - Processed May Teck Coffee Stall - Ang Mo Kio Ave 10
2024-05-27 07:04:51,301 - INFO - Processed Wheat Serangoon Garden - Serangoon Garden Way
2024-05-27 07:04:54,364 - INFO - Processed M Family Mart - Ang Mo Kio
2024-05-27 07:04:54,731 - INFO - Processed Oblong - Serangoon Garden Estate
2024-05-27 07:04:57,762 - INFO - Processed FVFS - Ang Mo Kio Ave 10
2024-05-27 07:04:58,200 - INFO - Processed Nasi GoGo Bos! - Ang Mo Kio Industrial Park 2
2024-05-27 07:05:01,150 - INFO - Processed Bharath Mini Mart - Ang Mo Kio Avenue 10
2024-05-27 07:05:01,695 - INFO - Processed Mee Goreng Hustle - Ang Mo Kio Industrial Park 2
2024-05-27 07:05:04,799 - INFO - Processed New Econ - Orange Mart - Teck Ghee View
2024-05-27 07:05:05,234 - INFO - Processed Shamiana Indian Restaurant - Maju Avenue
2024-05-27 07:05:08,247 - INFO - Processed SG Durian Boy - Cheng San Centre
2024-05-27 07:05:08,758 - INFO - Processed J&J Tea - Cheng San Centre
2024-05-27 07:05:11,812 - INFO - Processed J&T Vegetarian - Teck Ghee Square
2024-05-27 07:05:12,296 - INFO - Processed Shamiana Express - Serangoon Garden Estate
2024-05-27 07:05:15,313 - INFO - Processed Al Khadija Indian Muslim Food - Ang Mo Kio Ave 3
2024-05-27 07:05:15,723 - INFO - Processed Xiang Geli Indonesian Food - Serangoon Garden Estate
2024-05-27 07:05:18,771 - INFO - Processed Xin Rong Ji Fried Hokkien Prawn Mee / Carrot Cake - Ang Mo Kio Ave 1
2024-05-27 07:05:19,201 - INFO - Processed Mixue - Serangoon Garden
2024-05-27 07:05:22,487 - INFO - Processed Koh Huat Heng Mini-Mart - Ang Mo Kio Ave 10
2024-05-27 07:05:22,608 - INFO - Processed Machi Machi - Serangoon Garden Estate
2024-05-27 07:05:25,704 - INFO - Processed Al Khadija Indian Muslim Food - Ang Mo Kio Ave 3
2024-05-27 07:05:26,061 - INFO - Processed Grandma's Pig Trotter Rice \u963f\u5b37\u732a\u811a\u996d Chong Qing Grilled Fish - Serangoon
2024-05-27 07:05:28,931 - WARNING - Rate limit exceeded. Retrying in 300 seconds...
2024-05-27 07:05:29,263 - WARNING - Rate limit exceeded. Retrying in 300 seconds...
2024-05-27 07:10:29,326 - INFO - Processed Xin Rong Ji Fried Hokkien Prawn Mee / Carrot Cake - Ang Mo Kio Ave 1
2024-05-27 07:10:29,794 - INFO - Processed The Larder Cafe - 66A Serangoon Garden Way
2024-05-27 07:10:33,217 - INFO - Processed Koh Huat Heng Mini-Mart - Ang Mo Kio Ave 10
2024-05-27 07:10:33,233 - INFO - Processed 88 Seoul Bbq - Serangoon Garden Way
2024-05-27 07:10:33,317 - WARNING - Connection pool is full, discarding connection: localhost. Connection pool size: 1
2024-05-27 07:10:36,746 - INFO - Processed Sap Ubon Thai Cuisine - Ang Mo Kio Avenue 10
2024-05-27 07:10:36,815 - INFO - Processed Chong Qing Grilled Fish - Serangoon Garden Estate
2024-05-27 07:10:40,093 - INFO - Processed KT Marts - Ang Mo Kio Street 44
2024-05-27 07:10:40,205 - INFO - Processed Kota Zheng Zong Bak Kut Teh - SERANGOON GARDEN ESTATE
2024-05-27 07:10:43,483 - INFO - Processed Chong Qing Grilled Fish - Serangoon Garden Estate
2024-05-27 07:10:43,886 - INFO - Processed Each a Cup Pte Ltd - 448 Ang Mo Kio Avenue 10
2024-05-27 07:10:46,720 - INFO - Processed Kota Zheng Zong Bak Kut Teh - SERANGOON GARDEN ESTATE
2024-05-27 07:10:47,406 - INFO - Processed Bai Jia Yuan Ban Mian. Fish Soup - Ang Mo Kio Ave 10
2024-05-27 07:10:50,224 - INFO - Processed Soi Thai Kitchen - 58 Serangoon Gardens Way
2024-05-27 07:10:50,877 - INFO - Processed Si Ling Shao La - Ang Mo Kio Ave 10
2024-05-27 07:10:53,699 - INFO - Processed Sushi Tei - Serangoon Garden Estate
2024-05-27 07:10:54,363 - INFO - Processed Li Jie De Dian - Ang Mo Kio Avenue 10
2024-05-27 07:10:57,132 - INFO - Processed Kelim Dakdoritang - Kensington Park Road Serangoon Garden Estate
2024-05-27 07:10:57,946 - INFO - Processed Dou Xiang Cold Soya Bean Curd - Ang Mo Kio Avenue 10
2024-05-27 07:11:00,615 - INFO - Processed Apollo Coffee Bar - 65 Serangoon Garden Way
2024-05-27 07:11:01,300 - INFO - Processed Swee Heng Bakery - Ang Mo Kio Avenue 10
2024-05-27 07:11:04,087 - INFO - Processed Pow Sing Kitchen - 59 Serangoon Garden Way
2024-05-27 07:11:04,943 - INFO - Processed Subway - Ang Mo Kio Ave 10
2024-05-27 07:11:07,705 - INFO - Processed 3D2N Thai Food - Ang Mo Kio Ave 1
2024-05-27 07:11:08,598 - INFO - Processed Champion Durian - Ang Mo Kio Ave 10
2024-05-27 07:11:11,124 - INFO - Processed 47 Kitchen - Tech Ghee View
2024-05-27 07:11:12,080 - INFO - Processed Sweet Aroma - Ang Mo Kio Ave 10
2024-05-27 07:11:14,537 - INFO - Processed Mian Wang 1971 - Teck Ghee View
2024-05-27 07:11:15,463 - INFO - Processed Abang Gemuk/Mana Lagi (Halal) - Ang Mo Kio Ave 10
2024-05-27 07:11:18,024 - INFO - Processed Yakiniku Kura - Teck Ghee View
2024-05-27 07:11:19,060 - INFO - Processed Jia Yan Seafood \u5bb6\u5bb4\u6d77\u9c9c\u9986 - AMK
2024-05-27 07:11:21,238 - WARNING - Rate limit exceeded. Retrying in 300 seconds...
2024-05-27 07:11:22,297 - WARNING - Rate limit exceeded. Retrying in 300 seconds...
2024-05-27 07:16:21,649 - INFO - Processed Lo Chan Kee Cantonese Wanton Noodles - Teck Ghee View
2024-05-27 07:16:22,699 - INFO - Processed Hua Zai Roasted Duck - Ang Mo Kio Ave 10
2024-05-27 07:16:25,131 - INFO - Processed Peng Wang Cuisine - Teck Ghee View
2024-05-27 07:16:26,244 - INFO - Processed Xin Feng Seafood - Cheng San Place
2024-05-27 07:16:28,707 - INFO - Processed BaoJiakFood - Ang Mo Kio Ave 1
2024-05-27 07:16:29,832 - INFO - Processed Mixed Vegetable Rice - Ang Mo Kio Ave 10
2024-05-27 07:16:32,186 - INFO - Processed Chao Zhou Teochew Fish Soup - Teck Ghee View
2024-05-27 07:16:33,425 - INFO - Processed Tian Le Japanese and Korea Cuisine - Cheng San Place
2024-05-27 07:16:35,677 - INFO - Processed Crispy Recipe 332 - Teck Ghee View
2024-05-27 07:16:37,009 - INFO - Processed Chef Recipe - Ang Mo Kio Ave 10
2024-05-27 07:16:39,156 - INFO - Processed Hot Girl Mala Tang - Kensington Park Road
2024-05-27 07:16:40,751 - INFO - Processed Byrd Box Fried Chicken & Fries \u5403\u9971\u9971\u70b8\u9e21 - Ang Mo Kio Ave 10
2024-05-27 07:16:42,693 - INFO - Processed Hua Zai Frog Porridge Zi Zhar \u534e\u4ed4\u7530\u9e21\u7ca5\u716e\u7092 - Teck Ghee View
2024-05-27 07:16:44,383 - INFO - Processed PotatoLab Fries and Chicken \u85af\u6765\u5b9d - Ang Mo Kio Avenue
2024-05-27 07:16:46,227 - INFO - Processed Mala Hot Pot \u8c01\u6700\u8fa3 - Kensington Park Road
2024-05-27 07:16:47,860 - INFO - Processed Pin Ji Fishball Minced Meat Noodles - Ang Mo Kio Ave 10
2024-05-27 07:16:49,696 - INFO - Processed Pasar Malam Specialities Street Food @ Chomp Chomp - Kensington Park Road
2024-05-27 07:16:51,335 - INFO - Processed Ci Yin Vegetarian Food - Cheng San Place
2024-05-27 07:16:53,182 - INFO - Processed Traditional Hai Nan Fang Yuan Satay - Chomp Chomp Food Centre
2024-05-27 07:16:54,828 - INFO - Processed Amma Store - Ang Mo Kio Ave 10
2024-05-27 07:16:56,672 - INFO - Processed The Warung - Chomp Chomp Food Centre
2024-05-27 07:16:58,412 - INFO - Processed Domino's Pizza - AMK Ave 10
2024-05-27 07:17:00,151 - INFO - Processed Raiyans Indian Cuisine - Chomp Chomp Food Centre
2024-05-27 07:17:01,985 - INFO - Processed Buey Tahan Cafeteria - Ang Mo Kio Ave 10
2024-05-27 07:17:03,735 - INFO - Processed Hong Style Fried Rice - Teck Ghee View
2024-05-27 07:17:05,473 - INFO - Processed Gaga Roasted Delight \u560e\u560e\u70e7\u814a - Cheng San Place
2024-05-27 07:17:07,317 - INFO - Processed Whisky. Others. Wine. (W.O.W) - Serangoon Gardens
2024-05-27 07:17:09,067 - INFO - Processed Woon Kee Kway Chap Pork Leg - Cheng San Place
2024-05-27 07:17:10,802 - INFO - Processed Rong Kee Roasted Delights \u69ae\u8a18\u71d2\u814a - Ang Mo Kio Ave 1
2024-05-27 07:17:12,544 - INFO - Processed Jin Xin Mei Shi Dian - Cheng San Place
2024-05-27 07:17:14,051 - WARNING - Rate limit exceeded. Retrying in 300 seconds...
2024-05-27 07:17:15,811 - WARNING - Rate limit exceeded. Retrying in 300 seconds...
